app/build/outputs/logs/manifest-merger-debug-report.txt
-- Merging decision tree log ---
manifest
ADDED from src\main\AndroidManifest.xml:2:1-31:12
	xmlns:android
		ADDED from src\main\AndroidManifest.xml:3:5-63
	package
		ADDED from src\main\AndroidManifest.xml:4:5-46
		INJECTED from src\main\AndroidManifest.xml
		INJECTED from src\main\AndroidManifest.xml
uses-feature#android.software.live_wallpaper
ADDED from src\main\AndroidManifest.xml:6:5-68
	android:name
		ADDED from src\main\AndroidManifest.xml:6:19-65
uses-permission#android.permission.INTERNET
ADDED from src\main\AndroidManifest.xml:8:5-67
	android:name
		ADDED from src\main\AndroidManifest.xml:8:22-64
application
ADDED from src\main\AndroidManifest.xml:10:5-30:19
MERGED from [com.curtrostudios.socialoidlibrary:socialoidlibrary:1.0.1] AndroidManifest.xml:12:5-16:19
	android:allowBackup
		ADDED from [com.curtrostudios.socialoidlibrary:socialoidlibrary:1.0.1] AndroidManifest.xml:13:9-35
	android:label
		ADDED from src\main\AndroidManifest.xml:11:9-43
	android:icon
		ADDED from src\main\AndroidManifest.xml:12:9-45
	android:theme
		ADDED from [com.curtrostudios.socialoidlibrary:socialoidlibrary:1.0.1] AndroidManifest.xml:14:9-45
	tools:ignore
		ADDED from [com.curtrostudios.socialoidlibrary:socialoidlibrary:1.0.1] AndroidManifest.xml:15:9-48
service#com.curtrostudios.socialoidtest.Wallpaper
ADDED from src\main\AndroidManifest.xml:14:9-22:19
	android:label
		ADDED from src\main\AndroidManifest.xml:15:13-38
	android:permission
		ADDED from src\main\AndroidManifest.xml:17:13-67
	android:name
		ADDED from src\main\AndroidManifest.xml:16:13-38
intent-filter#android.service.wallpaper.WallpaperService
ADDED from src\main\AndroidManifest.xml:18:13-20:29
action#android.service.wallpaper.WallpaperService
ADDED from src\main\AndroidManifest.xml:19:17-85
	android:name
		ADDED from src\main\AndroidManifest.xml:19:25-82
meta-data#android.service.wallpaper
ADDED from src\main\AndroidManifest.xml:21:13-97
	android:resource
		ADDED from src\main\AndroidManifest.xml:21:65-94
	android:name
		ADDED from src\main\AndroidManifest.xml:21:24-64
activity#com.curtrostudios.socialoidtest.Settings
ADDED from src\main\AndroidManifest.xml:23:9-28:20
	android:label
		ADDED from src\main\AndroidManifest.xml:24:13-37
	android:theme
		ADDED from src\main\AndroidManifest.xml:26:13-73
	android:exported
		ADDED from src\main\AndroidManifest.xml:27:13-36
	android:name
		ADDED from src\main\AndroidManifest.xml:25:13-37
uses-sdk
INJECTED from src\main\AndroidManifest.xml reason: use-sdk injection requested
MERGED from [com.curtrostudios.socialoidlibrary:socialoidlibrary:1.0.1] AndroidManifest.xml:8:5-10:41
	android:targetSdkVersion
		INJECTED from src\main\AndroidManifest.xml
		INJECTED from src\main\AndroidManifest.xml
	android:minSdkVersion
		INJECTED from src\main\AndroidManifest.xml
		INJECTED from src\main\AndroidManifest.xml